<?xml version="1.0" encoding="UTF-8"?>
<!-- Generated by org.testng.reporters.JUnitReportReporter -->
<testsuite hostname="DESKTOP-NRUK56G" failures="0" tests="1" name="com.qa.testCases.AmazonTest" time="117.481" errors="0" timestamp="07 Nov 2023 20:10:35 GMT" skipped="0">
  <testcase classname="com.qa.testCases.AmazonTest" name="goToHomePage" time="117.481"/>
</testsuite> <!-- com.qa.testCases.AmazonTest -->
